<?xml version="1.0" encoding="UTF-8"?>
<testsuite xmlns:xsi="http://www.w3.org/2001/XMLSchema-instance" xsi:noNamespaceSchemaLocation="https://maven.apache.org/surefire/maven-surefire-plugin/xsd/surefire-test-report-3.0.xsd" version="3.0" name="com.example.fintechledger.service.AccountServiceIntegrationTest" time="9.862" tests="3" errors="0" skipped="0" failures="0">
  <properties>
[...]
</properties>
  <testcase name="transferMoney_throwsInsufficientBalance" classname="com.example.fintechledger.service.AccountServiceIntegrationTest" time="1.033">
    <system-out><![CDATA[01:31:43.026 [main] INFO org.springframework.test.context.support.AnnotationConfigContextLoaderUtils -- Could not detect default configuration classes for test class [com.example.fintechledger.service.AccountServiceIntegrationTest]: AccountServiceIntegrationTest does not declare any static, non-private, non-final, nested classes annotated with @Configuration.
01:31:43.166 [main] INFO org.springframework.boot.test.context.SpringBootTestContextBootstrapper -- Found @SpringBootConfiguration com.example.fintechledger.FintechLedgerApplication for test class com.example.fintechledger.service.AccountServiceIntegrationTest
01:31:43.329 [main] INFO org.testcontainers.images.PullPolicy -- Image pull policy will be performed by: DefaultPullPolicy()
01:31:43.332 [main] INFO org.testcontainers.utility.ImageNameSubstitutor -- Image name substitution will be performed by: DefaultImageNameSubstitutor (composite of 'ConfigurationFileImageNameSubstitutor' and 'PrefixingImageNameSubstitutor')
01:31:43.546 [main] INFO org.testcontainers.dockerclient.DockerClientProviderStrategy -- Loaded org.testcontainers.dockerclient.UnixSocketClientProviderStrategy from ~/.testcontainers.properties, will try it first
01:31:43.816 [main] INFO org.testcontainers.dockerclient.DockerClientProviderStrategy -- Found Docker environment with local Unix socket (unix:///var/run/docker.sock)
01:31:43.818 [main] INFO org.testcontainers.DockerClientFactory -- Docker host IP address is localhost
01:31:43.839 [main] INFO org.testcontainers.DockerClientFactory -- Connected to docker: 
  Server Version: 27.5.1+dfsg4
  API Version: 1.47
  Operating System: Kali GNU/Linux Rolling
  Total Memory: 7811 MB
01:31:43.869 [main] INFO tc.testcontainers/ryuk:0.5.1 -- Creating container for image: testcontainers/ryuk:0.5.1
01:31:43.875 [main] INFO org.testcontainers.utility.RegistryAuthLocator -- Failure when attempting to lookup auth config. Please ignore if you don't have images in an authenticated registry. Details: (dockerImageName: testcontainers/ryuk:0.5.1, configFile: /home/kali01/.docker/config.json, configEnv: DOCKER_AUTH_CONFIG). Falling back to docker-java default behaviour. Exception message: Status 404: No config supplied. Checked in order: /home/kali01/.docker/config.json (file not found), DOCKER_AUTH_CONFIG (not set)
01:31:44.047 [main] INFO tc.testcontainers/ryuk:0.5.1 -- Container testcontainers/ryuk:0.5.1 is starting: a52cfc5fec90c54fbbe44a5f0ef5c363d4f60b1d5e903aa80750ff2bf716889b
01:31:44.719 [main] INFO tc.testcontainers/ryuk:0.5.1 -- Container testcontainers/ryuk:0.5.1 started in PT0.849550744S
01:31:44.724 [main] INFO org.testcontainers.utility.RyukResourceReaper -- Ryuk started - will monitor and terminate Testcontainers containers on JVM exit
01:31:44.724 [main] INFO org.testcontainers.DockerClientFactory -- Checking the system...
01:31:44.724 [main] INFO org.testcontainers.DockerClientFactory -- ✔︎ Docker server version should be at least 1.6.0
01:31:44.725 [main] INFO tc.postgres:15 -- Creating container for image: postgres:15
01:31:44.804 [main] INFO tc.postgres:15 -- Container postgres:15 is starting: daf42784c31a5ab25ef1f9b8ff3d3b6adad0d08c57c5aeacde20e0a9899c42c0
01:31:46.391 [main] INFO tc.postgres:15 -- Container postgres:15 started in PT1.666058679S
01:31:46.392 [main] INFO tc.postgres:15 -- Container is started (JDBC URL: jdbc:postgresql://localhost:32771/testdb?loggerLevel=OFF)

  .   ____          _            __ _ _
 /\\ / ___'_ __ _ _(_)_ __  __ _ \ \ \ \
( ( )\___ | '_ | '_| | '_ \/ _` | \ \ \ \
 \\/  ___)| |_)| | | | | || (_| |  ) ) ) )
  '  |____| .__|_| |_|_| |_\__, | / / / /
 =========|_|==============|___/=/_/_/_/
 :: Spring Boot ::                (v3.2.0)

2026-03-18T01:31:46.699+01:00  INFO 30599 --- [           main] c.e.f.s.AccountServiceIntegrationTest    : Starting AccountServiceIntegrationTest using Java 17 with PID 30599 (started by kali01 in /home/kali01/Desktop/backendProject/fintech-ledger)
2026-03-18T01:31:46.701+01:00  INFO 30599 --- [           main] c.e.f.s.AccountServiceIntegrationTest    : No active profile set, falling back to 1 default profile: "default"
2026-03-18T01:31:47.534+01:00  INFO 30599 --- [           main] .s.d.r.c.RepositoryConfigurationDelegate : Bootstrapping Spring Data JPA repositories in DEFAULT mode.
2026-03-18T01:31:47.602+01:00  INFO 30599 --- [           main] .s.d.r.c.RepositoryConfigurationDelegate : Finished Spring Data repository scanning in 58 ms. Found 2 JPA repository interfaces.
2026-03-18T01:31:48.257+01:00  INFO 30599 --- [           main] o.hibernate.jpa.internal.util.LogHelper  : HHH000204: Processing PersistenceUnitInfo [name: default]
2026-03-18T01:31:48.306+01:00  INFO 30599 --- [           main] org.hibernate.Version                    : HHH000412: Hibernate ORM core version 6.3.1.Final
2026-03-18T01:31:48.338+01:00  INFO 30599 --- [           main] o.h.c.internal.RegionFactoryInitiator    : HHH000026: Second-level cache disabled
2026-03-18T01:31:48.547+01:00  INFO 30599 --- [           main] o.s.o.j.p.SpringPersistenceUnitInfo      : No LoadTimeWeaver setup: ignoring JPA class transformer
2026-03-18T01:31:48.569+01:00  INFO 30599 --- [           main] com.zaxxer.hikari.HikariDataSource       : HikariPool-1 - Starting...
2026-03-18T01:31:48.812+01:00  INFO 30599 --- [           main] com.zaxxer.hikari.pool.HikariPool        : HikariPool-1 - Added connection org.postgresql.jdbc.PgConnection@1d1b3620
2026-03-18T01:31:48.814+01:00  INFO 30599 --- [           main] com.zaxxer.hikari.HikariDataSource       : HikariPool-1 - Start completed.
2026-03-18T01:31:49.914+01:00  INFO 30599 --- [           main] o.h.e.t.j.p.i.JtaPlatformInitiator       : HHH000489: No JTA platform available (set 'hibernate.transaction.jta.platform' to enable JTA platform integration)
2026-03-18T01:31:49.948+01:00  WARN 30599 --- [           main] o.h.engine.jdbc.spi.SqlExceptionHelper   : SQL Warning Code: 0, SQLState: 00000
2026-03-18T01:31:49.948+01:00  WARN 30599 --- [           main] o.h.engine.jdbc.spi.SqlExceptionHelper   : table "account" does not exist, skipping
2026-03-18T01:31:49.949+01:00  WARN 30599 --- [           main] o.h.engine.jdbc.spi.SqlExceptionHelper   : SQL Warning Code: 0, SQLState: 00000
2026-03-18T01:31:49.950+01:00  WARN 30599 --- [           main] o.h.engine.jdbc.spi.SqlExceptionHelper   : table "transactions" does not exist, skipping
2026-03-18T01:31:49.969+01:00  INFO 30599 --- [           main] j.LocalContainerEntityManagerFactoryBean : Initialized JPA EntityManagerFactory for persistence unit 'default'
2026-03-18T01:31:50.494+01:00  WARN 30599 --- [           main] JpaBaseConfiguration$JpaWebConfiguration : spring.jpa.open-in-view is enabled by default. Therefore, database queries may be performed during view rendering. Explicitly configure spring.jpa.open-in-view to disable this warning
2026-03-18T01:31:50.519+01:00  WARN 30599 --- [           main] .s.s.UserDetailsServiceAutoConfiguration : 

Using generated security password: 9dc3deef-cd8a-40a5-b20f-9248e889746d

This generated password is for development use only. Your security configuration must be updated before running your application in production.

2026-03-18T01:31:50.847+01:00  INFO 30599 --- [           main] o.s.s.web.DefaultSecurityFilterChain     : Will secure any request with [org.springframework.security.web.session.DisableEncodeUrlFilter@375682a5, org.springframework.security.web.context.request.async.WebAsyncManagerIntegrationFilter@79827e71, org.springframework.security.web.context.SecurityContextHolderFilter@5e97da56, org.springframework.security.web.header.HeaderWriterFilter@5a3d52a0, org.springframework.web.filter.CorsFilter@3c20abd6, org.springframework.security.web.authentication.logout.LogoutFilter@c651286, org.springframework.security.web.savedrequest.RequestCacheAwareFilter@6cfe32cd, org.springframework.security.web.servletapi.SecurityContextHolderAwareRequestFilter@5f14eb51, org.springframework.security.web.authentication.AnonymousAuthenticationFilter@7cd2d3b6, org.springframework.security.web.access.ExceptionTranslationFilter@2040732f, org.springframework.security.web.access.intercept.AuthorizationFilter@e98004e]
2026-03-18T01:31:51.244+01:00  INFO 30599 --- [           main] c.e.f.s.AccountServiceIntegrationTest    : Started AccountServiceIntegrationTest in 4.804 seconds (process running for 9.055)
]]></system-out>
  </testcase>
  <testcase name="transferMoney_success" classname="com.example.fintechledger.service.AccountServiceIntegrationTest" time="0.069"/>
  <testcase name="transferMoney_throwsAccountNotFound" classname="com.example.fintechledger.service.AccountServiceIntegrationTest" time="0.023"/>
</testsuite>