<?xml version="1.0" encoding="UTF-8"?>
<testsuite xmlns:xsi="http://www.w3.org/2001/XMLSchema-instance" xsi:noNamespaceSchemaLocation="https://maven.apache.org/surefire/maven-surefire-plugin/xsd/surefire-test-report-3.0.xsd" version="3.0" name="com.example.fintechledger.service.AccountServiceIntegrationTest" time="12.897" tests="3" errors="0" skipped="0" failures="0">
  <properties>
[...]
</properties>
  <testcase name="transferMoney_throwsInsufficientBalance" classname="com.example.fintechledger.service.AccountServiceIntegrationTest" time="0.845">
    <system-out><![CDATA[16:32:51.325 [main] INFO org.springframework.test.context.support.AnnotationConfigContextLoaderUtils -- Could not detect default configuration classes for test class [com.example.fintechledger.service.AccountServiceIntegrationTest]: AccountServiceIntegrationTest does not declare any static, non-private, non-final, nested classes annotated with @Configuration.
16:32:51.527 [main] INFO org.springframework.boot.test.context.SpringBootTestContextBootstrapper -- Found @SpringBootConfiguration com.example.fintechledger.FintechLedgerApplication for test class com.example.fintechledger.service.AccountServiceIntegrationTest
16:32:51.738 [main] INFO org.testcontainers.images.PullPolicy -- Image pull policy will be performed by: DefaultPullPolicy()
16:32:51.743 [main] INFO org.testcontainers.utility.ImageNameSubstitutor -- Image name substitution will be performed by: DefaultImageNameSubstitutor (composite of 'ConfigurationFileImageNameSubstitutor' and 'PrefixingImageNameSubstitutor')
16:32:52.029 [main] INFO org.testcontainers.dockerclient.DockerClientProviderStrategy -- Loaded org.testcontainers.dockerclient.UnixSocketClientProviderStrategy from ~/.testcontainers.properties, will try it first
16:32:52.410 [main] INFO org.testcontainers.dockerclient.DockerClientProviderStrategy -- Found Docker environment with local Unix socket (unix:///var/run/docker.sock)
16:32:52.412 [main] INFO org.testcontainers.DockerClientFactory -- Docker host IP address is localhost
16:32:52.436 [main] INFO org.testcontainers.DockerClientFactory -- Connected to docker: 
  Server Version: 27.5.1+dfsg4
  API Version: 1.47
  Operating System: Kali GNU/Linux Rolling
  Total Memory: 7811 MB
16:32:52.469 [main] INFO tc.testcontainers/ryuk:0.5.1 -- Creating container for image: testcontainers/ryuk:0.5.1
16:32:52.475 [main] INFO org.testcontainers.utility.RegistryAuthLocator -- Failure when attempting to lookup auth config. Please ignore if you don't have images in an authenticated registry. Details: (dockerImageName: testcontainers/ryuk:0.5.1, configFile: /home/kali01/.docker/config.json, configEnv: DOCKER_AUTH_CONFIG). Falling back to docker-java default behaviour. Exception message: Status 404: No config supplied. Checked in order: /home/kali01/.docker/config.json (file not found), DOCKER_AUTH_CONFIG (not set)
16:32:52.643 [main] INFO tc.testcontainers/ryuk:0.5.1 -- Container testcontainers/ryuk:0.5.1 is starting: b627224c8df15f7f0ca4c2ef938953b7bd755efe549ae78d9c4d7d89c44ff83f
16:32:53.290 [main] INFO tc.testcontainers/ryuk:0.5.1 -- Container testcontainers/ryuk:0.5.1 started in PT0.82103451S
16:32:53.298 [main] INFO org.testcontainers.utility.RyukResourceReaper -- Ryuk started - will monitor and terminate Testcontainers containers on JVM exit
16:32:53.298 [main] INFO org.testcontainers.DockerClientFactory -- Checking the system...
16:32:53.299 [main] INFO org.testcontainers.DockerClientFactory -- ✔︎ Docker server version should be at least 1.6.0
16:32:53.300 [main] INFO tc.postgres:15 -- Creating container for image: postgres:15
16:32:53.358 [main] INFO tc.postgres:15 -- Container postgres:15 is starting: 042df9a9f6269579a98abb7b8e48531837a228a33d50a24301a8caa689198ef2
16:32:55.252 [main] INFO tc.postgres:15 -- Container postgres:15 started in PT1.951726018S
16:32:55.253 [main] INFO tc.postgres:15 -- Container is started (JDBC URL: jdbc:postgresql://localhost:32771/testdb?loggerLevel=OFF)

  .   ____          _            __ _ _
 /\\ / ___'_ __ _ _(_)_ __  __ _ \ \ \ \
( ( )\___ | '_ | '_| | '_ \/ _` | \ \ \ \
 \\/  ___)| |_)| | | | | || (_| |  ) ) ) )
  '  |____| .__|_| |_|_| |_\__, | / / / /
 =========|_|==============|___/=/_/_/_/
 :: Spring Boot ::                (v3.2.0)

2026-03-25T16:32:55.679+01:00  INFO 436400 --- [           main] c.e.f.s.AccountServiceIntegrationTest    : Starting AccountServiceIntegrationTest using Java 17 with PID 436400 (started by kali01 in /home/kali01/Desktop/backendProject/fintech-ledger)
2026-03-25T16:32:55.686+01:00  INFO 436400 --- [           main] c.e.f.s.AccountServiceIntegrationTest    : No active profile set, falling back to 1 default profile: "default"
2026-03-25T16:32:56.772+01:00  INFO 436400 --- [           main] .s.d.r.c.RepositoryConfigurationDelegate : Bootstrapping Spring Data JPA repositories in DEFAULT mode.
2026-03-25T16:32:56.887+01:00  INFO 436400 --- [           main] .s.d.r.c.RepositoryConfigurationDelegate : Finished Spring Data repository scanning in 98 ms. Found 3 JPA repository interfaces.
2026-03-25T16:32:57.744+01:00  INFO 436400 --- [           main] o.hibernate.jpa.internal.util.LogHelper  : HHH000204: Processing PersistenceUnitInfo [name: default]
2026-03-25T16:32:57.854+01:00  INFO 436400 --- [           main] org.hibernate.Version                    : HHH000412: Hibernate ORM core version 6.3.1.Final
2026-03-25T16:32:57.913+01:00  INFO 436400 --- [           main] o.h.c.internal.RegionFactoryInitiator    : HHH000026: Second-level cache disabled
2026-03-25T16:32:58.343+01:00  INFO 436400 --- [           main] o.s.o.j.p.SpringPersistenceUnitInfo      : No LoadTimeWeaver setup: ignoring JPA class transformer
2026-03-25T16:32:58.395+01:00  INFO 436400 --- [           main] com.zaxxer.hikari.HikariDataSource       : HikariPool-1 - Starting...
2026-03-25T16:32:58.687+01:00  INFO 436400 --- [           main] com.zaxxer.hikari.pool.HikariPool        : HikariPool-1 - Added connection org.postgresql.jdbc.PgConnection@5b88af70
2026-03-25T16:32:58.689+01:00  INFO 436400 --- [           main] com.zaxxer.hikari.HikariDataSource       : HikariPool-1 - Start completed.
2026-03-25T16:33:00.148+01:00  INFO 436400 --- [           main] o.h.e.t.j.p.i.JtaPlatformInitiator       : HHH000489: No JTA platform available (set 'hibernate.transaction.jta.platform' to enable JTA platform integration)
2026-03-25T16:33:00.179+01:00  WARN 436400 --- [           main] o.h.engine.jdbc.spi.SqlExceptionHelper   : SQL Warning Code: 0, SQLState: 00000
2026-03-25T16:33:00.179+01:00  WARN 436400 --- [           main] o.h.engine.jdbc.spi.SqlExceptionHelper   : table "account" does not exist, skipping
2026-03-25T16:33:00.180+01:00  WARN 436400 --- [           main] o.h.engine.jdbc.spi.SqlExceptionHelper   : SQL Warning Code: 0, SQLState: 00000
2026-03-25T16:33:00.181+01:00  WARN 436400 --- [           main] o.h.engine.jdbc.spi.SqlExceptionHelper   : table "transactions" does not exist, skipping
2026-03-25T16:33:00.182+01:00  WARN 436400 --- [           main] o.h.engine.jdbc.spi.SqlExceptionHelper   : SQL Warning Code: 0, SQLState: 00000
2026-03-25T16:33:00.182+01:00  WARN 436400 --- [           main] o.h.engine.jdbc.spi.SqlExceptionHelper   : table "users" does not exist, skipping
2026-03-25T16:33:00.213+01:00  INFO 436400 --- [           main] j.LocalContainerEntityManagerFactoryBean : Initialized JPA EntityManagerFactory for persistence unit 'default'
2026-03-25T16:33:01.091+01:00  WARN 436400 --- [           main] JpaBaseConfiguration$JpaWebConfiguration : spring.jpa.open-in-view is enabled by default. Therefore, database queries may be performed during view rendering. Explicitly configure spring.jpa.open-in-view to disable this warning
2026-03-25T16:33:01.566+01:00  INFO 436400 --- [           main] o.s.s.web.DefaultSecurityFilterChain     : Will secure any request with [org.springframework.security.web.session.DisableEncodeUrlFilter@409df37d, org.springframework.security.web.context.request.async.WebAsyncManagerIntegrationFilter@2ab1c7a9, org.springframework.security.web.context.SecurityContextHolderFilter@11f752d1, org.springframework.security.web.header.HeaderWriterFilter@38276668, org.springframework.web.filter.CorsFilter@6e818345, org.springframework.security.web.authentication.logout.LogoutFilter@339b45f8, com.example.fintechledger.security.JwtAuthenticationFilter@3d9c69f8, org.springframework.security.web.savedrequest.RequestCacheAwareFilter@462deb2b, org.springframework.security.web.servletapi.SecurityContextHolderAwareRequestFilter@381c826c, org.springframework.security.web.authentication.AnonymousAuthenticationFilter@1235732d, org.springframework.security.web.session.SessionManagementFilter@57330423, org.springframework.security.web.access.ExceptionTranslationFilter@5578ed7e, org.springframework.security.web.access.intercept.AuthorizationFilter@5257123d]
2026-03-25T16:33:02.047+01:00  INFO 436400 --- [           main] c.e.f.s.AccountServiceIntegrationTest    : Started AccountServiceIntegrationTest in 6.728 seconds (process running for 11.79)
Admin user created (username: admin, password: admin123)
User created (username: user, password: user123)
]]></system-out>
  </testcase>
  <testcase name="transferMoney_success" classname="com.example.fintechledger.service.AccountServiceIntegrationTest" time="0.052"/>
  <testcase name="transferMoney_throwsAccountNotFound" classname="com.example.fintechledger.service.AccountServiceIntegrationTest" time="0.018"/>
</testsuite>